<?xml version="1.0" encoding="UTF-8"?>
<testng-results ignored="0" total="1" passed="1" failed="0" skipped="0">
  <reporter-output>
    <line>
      <![CDATA[Facebook – log in or sign up]]>
    </line>
    <line>
      <![CDATA[https://www.facebook.com/login/?privacy_mutation_token=eyJ0eXBlIjowLCJjcmVhdGlvbl90aW1lIjoxNjU2OTA3MTAwLCJjYWxsc2l0ZV9pZCI6MzgxMjI5MDc5NTc1OTQ2fQ%3D%3D]]>
    </line>
  </reporter-output>
  <suite started-at="2022-07-04T09:28:15 IST" name="Failed suite [Failed suite [Suite]]" finished-at="2022-07-04T09:28:33 IST" duration-ms="17851">
    <groups>
    </groups>
    <test started-at="2022-07-04T09:28:15 IST" name="Test(failed)(failed)" finished-at="2022-07-04T09:28:33 IST" duration-ms="17851">
      <class name="testNG.Testcase1">
        <test-method is-config="true" signature="openApp()[pri:0, instance:testNG.Testcase1@28975c28]" started-at="2022-07-04T09:28:15 IST" name="openApp" finished-at="2022-07-04T09:28:21 IST" duration-ms="6056" status="PASS">
          <reporter-output>
          </reporter-output>
        </test-method> <!-- openApp -->
        <test-method signature="tc1()[pri:0, instance:testNG.Testcase1@28975c28]" started-at="2022-07-04T09:28:21 IST" name="tc1" finished-at="2022-07-04T09:28:29 IST" duration-ms="7476" status="PASS">
          <reporter-output>
            <line>
              <![CDATA[Facebook – log in or sign up]]>
            </line>
            <line>
              <![CDATA[https://www.facebook.com/login/?privacy_mutation_token=eyJ0eXBlIjowLCJjcmVhdGlvbl90aW1lIjoxNjU2OTA3MTAwLCJjYWxsc2l0ZV9pZCI6MzgxMjI5MDc5NTc1OTQ2fQ%3D%3D]]>
            </line>
          </reporter-output>
        </test-method> <!-- tc1 -->
        <test-method is-config="true" signature="closeApp()[pri:0, instance:testNG.Testcase1@28975c28]" started-at="2022-07-04T09:28:29 IST" name="closeApp" finished-at="2022-07-04T09:28:33 IST" duration-ms="4230" status="PASS">
          <reporter-output>
          </reporter-output>
        </test-method> <!-- closeApp -->
      </class> <!-- testNG.Testcase1 -->
    </test> <!-- Test(failed)(failed) -->
  </suite> <!-- Failed suite [Failed suite [Suite]] -->
</testng-results>
